{
  "/Users/mcphee/Downloads/iteration-3-worshipful-company-of-saddlers/client/src/polyfills.ts": {
    "path": "/Users/mcphee/Downloads/iteration-3-worshipful-company-of-saddlers/client/src/polyfills.ts",
    "statementMap": {},
    "fnMap": {},
    "branchMap": {},
    "s": {},
    "f": {},
    "b": {},
    "inputSourceMap": {
      "version": 3,
      "mappings": "AAAA;;;;;;;;;;;;;;;;AAgBA;;;;AAIA;;;;;;;;;;;;;;;;;;;;;;;;AAwBA;;;AAGA,OAAO,mBAAP,EAA6B;;AAG7B;;",
      "names": [],
      "sources": [
        "/Users/mcphee/Downloads/iteration-3-worshipful-company-of-saddlers/client/src/polyfills.ts"
      ],
      "sourcesContent": [
        "/**\n * This file includes polyfills needed by Angular and is loaded before the app.\n * You can add your own extra polyfills to this file.\n *\n * This file is divided into 2 sections:\n *   1. Browser polyfills. These are applied before loading ZoneJS and are sorted by browsers.\n *   2. Application imports. Files imported after ZoneJS that should be loaded before your main\n *      file.\n *\n * The current setup is for so-called \"evergreen\" browsers; the last versions of browsers that\n * automatically update themselves. This includes Safari >= 10, Chrome >= 55 (including Opera),\n * Edge >= 13 on the desktop, and iOS 10 and Chrome on mobile.\n *\n * Learn more in https://angular.io/guide/browser-support\n */\n\n/***************************************************************************************************\n * BROWSER POLYFILLS\n */\n\n/**\n * By default, zone.js will patch all possible macroTask and DomEvents\n * user can disable parts of macroTask/DomEvents patch by setting following flags\n * because those flags need to be set before `zone.js` being loaded, and webpack\n * will put import in the top of bundle, so user need to create a separate file\n * in this directory (for example: zone-flags.ts), and put the following flags\n * into that file, and then add the following code before importing zone.js.\n * import './zone-flags';\n *\n * The flags allowed in zone-flags.ts are listed here.\n *\n * The following flags will work for all browsers.\n *\n * (window as any).__Zone_disable_requestAnimationFrame = true; // disable patch requestAnimationFrame\n * (window as any).__Zone_disable_on_property = true; // disable patch onProperty such as onclick\n * (window as any).__zone_symbol__UNPATCHED_EVENTS = ['scroll', 'mousemove']; // disable patch specified eventNames\n *\n *  in IE/Edge developer tools, the addEventListener will also be wrapped by zone.js\n *  with the following flag, it will bypass `zone.js` patch for IE/Edge\n *\n *  (window as any).__Zone_enable_cross_context_check = true;\n *\n */\n\n/***************************************************************************************************\n * Zone JS is required by default for Angular itself.\n */\nimport 'zone.js/dist/zone';  // Included with Angular CLI.\n\n\n/***************************************************************************************************\n * APPLICATION IMPORTS\n */\n"
      ]
    },
    "_coverageSchema": "1a1c01bbd47fc00a2c39e90264f33305004495a9",
    "hash": "07b2154e3ff4664347eac808673a2f48a945a6b9"
  },
  "/Users/mcphee/Downloads/iteration-3-worshipful-company-of-saddlers/client/src/app/products/product.ts": {
    "path": "/Users/mcphee/Downloads/iteration-3-worshipful-company-of-saddlers/client/src/app/products/product.ts",
    "statementMap": {
      "0": {
        "start": {
          "line": 1,
          "column": 26
        },
        "end": {
          "line": 1,
          "column": 242
        }
      },
      "1": {
        "start": {
          "line": 2,
          "column": 33
        },
        "end": {
          "line": 30,
          "column": 1
        }
      },
      "2": {
        "start": {
          "line": 7,
          "column": 22
        },
        "end": {
          "line": 15,
          "column": 3
        }
      },
      "3": {
        "start": {
          "line": 18,
          "column": 2
        },
        "end": {
          "line": 22,
          "column": 3
        }
      },
      "4": {
        "start": {
          "line": 19,
          "column": 4
        },
        "end": {
          "line": 19,
          "column": 43
        }
      },
      "5": {
        "start": {
          "line": 21,
          "column": 4
        },
        "end": {
          "line": 21,
          "column": 30
        }
      },
      "6": {
        "start": {
          "line": 29,
          "column": 2
        },
        "end": {
          "line": 29,
          "column": 37
        }
      }
    },
    "fnMap": {
      "0": {
        "name": "(anonymous_0)",
        "decl": {
          "start": {
            "line": 2,
            "column": 33
          },
          "end": {
            "line": 2,
            "column": 34
          }
        },
        "loc": {
          "start": {
            "line": 2,
            "column": 45
          },
          "end": {
            "line": 30,
            "column": 1
          }
        },
        "line": 2
      }
    },
    "branchMap": {
      "0": {
        "loc": {
          "start": {
            "line": 18,
            "column": 2
          },
          "end": {
            "line": 22,
            "column": 3
          }
        },
        "type": "if",
        "locations": [
          {
            "start": {
              "line": 18,
              "column": 2
            },
            "end": {
              "line": 22,
              "column": 3
            }
          },
          {
            "start": {
              "line": 18,
              "column": 2
            },
            "end": {
              "line": 22,
              "column": 3
            }
          }
        ],
        "line": 18
      }
    },
    "s": {
      "0": 91,
      "1": 91,
      "2": 1215,
      "3": 1215,
      "4": 567,
      "5": 648,
      "6": 1215
    },
    "f": {
      "0": 1215
    },
    "b": {
      "0": [
        567,
        648
      ]
    },
    "inputSourceMap": {
      "version": 3,
      "mappings": "AAeA,OAAO,MAAMA,UAAU,GACrB,CAAC,aAAD,EAAgB,SAAhB,EAA2B,MAA3B,EAAmC,OAAnC,EAA4C,cAA5C,EACC,iBADD,EACoB,WADpB,EACiC,mBADjC,EACsD,eADtD,EACuE,MADvE,EAEC,kBAFD,EAEqB,gBAFrB,EAEuC,cAFvC,EAEuD,SAFvD,EAEkE,YAFlE,CADK;AAMP,OAAO,MAAMC,iBAAiB,GAAIC,QAAD,IAA8B;AAC7D;AACA;AACA;AACA;AACA,QAAMC,WAAW,GAAG;AAClB,mBAAe,YADG;AAElB,oBAAgB,aAFE;AAGlB,uBAAmB,gBAHD;AAIlB,yBAAqB,kBAJH;AAKlB,wBAAoB,gBALF;AAMlB,sBAAkB,eANA;AAOlB,oBAAgB;AAPE,GAApB;AASA,MAAIC,cAAJ;;AACA,MAAID,WAAW,CAACD,QAAD,CAAf,EAA2B;AACzBE,kBAAc,GAAGD,WAAW,CAACD,QAAD,CAA5B;AACD,GAFD,MAEO;AACLE,kBAAc,GAAGF,QAAjB;AACD,GAnB4D,CAoB7D;AACA;AACA;AACA;AACA;;;AACA,SAAOE,cAAc,GAAG,UAAxB;AACD,CA1BM",
      "names": [
        "categories",
        "categoryCamelCase",
        "category",
        "categoryMap",
        "categoryPrefix"
      ],
      "sources": [
        "/Users/mcphee/Downloads/iteration-3-worshipful-company-of-saddlers/client/src/app/products/product.ts"
      ],
      "sourcesContent": [
        "export interface Product {\n  _id: string;\n  // eslint-disable-next-line @typescript-eslint/naming-convention\n  product_name: string; // Client filter\n  description?: string; // Client filter\n  brand: string; // client filter\n  category: ProductCategory; // server filter\n  store: ProductStore; // server filter\n  location?: string; // client filter\n  notes?: string; // server filter\n  lifespan?: number; // server filter\n  threshold?: number; // server filter\n  image?: string; // server filter\n}\n\nexport const categories =\n  ['baked goods', 'produce', 'meat', 'dairy', 'frozen foods',\n   'baking supplies', 'beverages', 'cleaning products', 'miscellaneous', 'deli',\n   'herbs and spices', 'paper products', 'pet supplies', 'staples', 'toiletries'] as const;\nexport type ProductCategory = typeof categories[number];\n\nexport const categoryCamelCase = (category: ProductCategory) => {\n  // This is essentially a hack to handle all the categories with spaces\n  // in them. One could have done that programmatically, but I didn't want\n  // to add that computational overhead given how often this will be called.\n  // I suspect there's a better solution, TBH.\n  const categoryMap = {\n    'baked goods': 'bakedGoods',\n    'frozen foods': 'frozenFoods',\n    'baking supplies': 'bakingSupplies',\n    'cleaning products': 'cleaningProducts',\n    'herbs and spices': 'herbsAndSpices',\n    'paper products': 'paperProducts',\n    'pet supplies': 'petSupplies'\n  };\n  let categoryPrefix: string;\n  if (categoryMap[category]) {\n    categoryPrefix = categoryMap[category];\n  } else {\n    categoryPrefix = category;\n  }\n  // I don't know if we want/need to add 'Items' here. It was needed everywhere\n  // I called this from, but I can imagine that if you generalized this idea\n  // you might have uses that don't want 'Items' at the end. If so, then you\n  // want to move the addition of 'Items' to the places where it's necessary\n  // instead of having it here.\n  return categoryPrefix + 'Products';\n};\n\nexport type ProductStore = 'Willies' | 'Pomme de Terre' | 'Pomme de Terre/Willies' | 'Real Food Hub' | 'Other';\n"
      ]
    },
    "_coverageSchema": "1a1c01bbd47fc00a2c39e90264f33305004495a9",
    "hash": "612289d1251aa67d1db76f603df9ce3821ed33c8"
  },
  "/Users/mcphee/Downloads/iteration-3-worshipful-company-of-saddlers/client/src/environments/environment.ts": {
    "path": "/Users/mcphee/Downloads/iteration-3-worshipful-company-of-saddlers/client/src/environments/environment.ts",
    "statementMap": {
      "0": {
        "start": {
          "line": 4,
          "column": 27
        },
        "end": {
          "line": 7,
          "column": 1
        }
      }
    },
    "fnMap": {},
    "branchMap": {},
    "s": {
      "0": 91
    },
    "f": {},
    "b": {},
    "inputSourceMap": {
      "version": 3,
      "mappings": "AAAA;AACA;AACA;AAEA,OAAO,MAAMA,WAAW,GAAG;AACzBC,YAAU,EAAE,KADa;AAEzBC,QAAM,EAAE;AAFiB,CAApB;AAKP;;;;;;;AAOA",
      "names": [
        "environment",
        "production",
        "apiUrl"
      ],
      "sources": [
        "/Users/mcphee/Downloads/iteration-3-worshipful-company-of-saddlers/client/src/environments/environment.ts"
      ],
      "sourcesContent": [
        "// This file can be replaced during build by using the `fileReplacements` array.\n// `ng build --prod` replaces `environment.ts` with `environment.prod.ts`.\n// The list of file replacements can be found in `angular.json`.\n\nexport const environment = {\n  production: false,\n  apiUrl: '/api/'\n};\n\n/*\n * For easier debugging in development mode, you can import the following file\n * to ignore zone related error stack frames such as `zone.run`, `zoneDelegate.invokeTask`.\n *\n * This import should be commented out in production mode because it will have a negative impact\n * on performance if an error is thrown.\n */\n// import 'zone.js/dist/zone-error';  // Included with Angular CLI.\n"
      ]
    },
    "_coverageSchema": "1a1c01bbd47fc00a2c39e90264f33305004495a9",
    "hash": "a814c0f4206858246da7bd22cc6fee1b21305d37"
  },
  "/Users/mcphee/Downloads/iteration-3-worshipful-company-of-saddlers/client/src/app/products/product.service.ts": {
    "path": "/Users/mcphee/Downloads/iteration-3-worshipful-company-of-saddlers/client/src/app/products/product.service.ts",
    "statementMap": {
      "0": {
        "start": {
          "line": 7,
          "column": 41
        },
        "end": {
          "line": 88,
          "column": 4
        }
      },
      "1": {
        "start": {
          "line": 10,
          "column": 6
        },
        "end": {
          "line": 10,
          "column": 35
        }
      },
      "2": {
        "start": {
          "line": 11,
          "column": 6
        },
        "end": {
          "line": 11,
          "column": 56
        }
      },
      "3": {
        "start": {
          "line": 16,
          "column": 23
        },
        "end": {
          "line": 16,
          "column": 39
        }
      },
      "4": {
        "start": {
          "line": 18,
          "column": 6
        },
        "end": {
          "line": 26,
          "column": 7
        }
      },
      "5": {
        "start": {
          "line": 19,
          "column": 8
        },
        "end": {
          "line": 21,
          "column": 9
        }
      },
      "6": {
        "start": {
          "line": 20,
          "column": 10
        },
        "end": {
          "line": 20,
          "column": 68
        }
      },
      "7": {
        "start": {
          "line": 23,
          "column": 8
        },
        "end": {
          "line": 25,
          "column": 9
        }
      },
      "8": {
        "start": {
          "line": 24,
          "column": 10
        },
        "end": {
          "line": 24,
          "column": 62
        }
      },
      "9": {
        "start": {
          "line": 28,
          "column": 6
        },
        "end": {
          "line": 30,
          "column": 9
        }
      },
      "10": {
        "start": {
          "line": 34,
          "column": 6
        },
        "end": {
          "line": 34,
          "column": 61
        }
      },
      "11": {
        "start": {
          "line": 39,
          "column": 29
        },
        "end": {
          "line": 39,
          "column": 37
        }
      },
      "12": {
        "start": {
          "line": 41,
          "column": 6
        },
        "end": {
          "line": 44,
          "column": 7
        }
      },
      "13": {
        "start": {
          "line": 42,
          "column": 8
        },
        "end": {
          "line": 42,
          "column": 66
        }
      },
      "14": {
        "start": {
          "line": 43,
          "column": 8
        },
        "end": {
          "line": 43,
          "column": 135
        }
      },
      "15": {
        "start": {
          "line": 43,
          "column": 62
        },
        "end": {
          "line": 43,
          "column": 133
        }
      },
      "16": {
        "start": {
          "line": 47,
          "column": 6
        },
        "end": {
          "line": 50,
          "column": 7
        }
      },
      "17": {
        "start": {
          "line": 48,
          "column": 8
        },
        "end": {
          "line": 48,
          "column": 52
        }
      },
      "18": {
        "start": {
          "line": 49,
          "column": 8
        },
        "end": {
          "line": 49,
          "column": 121
        }
      },
      "19": {
        "start": {
          "line": 49,
          "column": 62
        },
        "end": {
          "line": 49,
          "column": 119
        }
      },
      "20": {
        "start": {
          "line": 52,
          "column": 6
        },
        "end": {
          "line": 54,
          "column": 7
        }
      },
      "21": {
        "start": {
          "line": 53,
          "column": 8
        },
        "end": {
          "line": 53,
          "column": 68
        }
      },
      "22": {
        "start": {
          "line": 57,
          "column": 6
        },
        "end": {
          "line": 59,
          "column": 7
        }
      },
      "23": {
        "start": {
          "line": 58,
          "column": 8
        },
        "end": {
          "line": 58,
          "column": 113
        }
      },
      "24": {
        "start": {
          "line": 58,
          "column": 62
        },
        "end": {
          "line": 58,
          "column": 111
        }
      },
      "25": {
        "start": {
          "line": 61,
          "column": 6
        },
        "end": {
          "line": 61,
          "column": 30
        }
      },
      "26": {
        "start": {
          "line": 66,
          "column": 6
        },
        "end": {
          "line": 66,
          "column": 88
        }
      },
      "27": {
        "start": {
          "line": 66,
          "column": 79
        },
        "end": {
          "line": 66,
          "column": 85
        }
      },
      "28": {
        "start": {
          "line": 70,
          "column": 6
        },
        "end": {
          "line": 70,
          "column": 64
        }
      },
      "29": {
        "start": {
          "line": 74,
          "column": 6
        },
        "end": {
          "line": 74,
          "column": 84
        }
      },
      "30": {
        "start": {
          "line": 74,
          "column": 75
        },
        "end": {
          "line": 74,
          "column": 81
        }
      },
      "31": {
        "start": {
          "line": 79,
          "column": 2
        },
        "end": {
          "line": 81,
          "column": 4
        }
      },
      "32": {
        "start": {
          "line": 80,
          "column": 4
        },
        "end": {
          "line": 80,
          "column": 65
        }
      },
      "33": {
        "start": {
          "line": 83,
          "column": 2
        },
        "end": {
          "line": 86,
          "column": 5
        }
      },
      "34": {
        "start": {
          "line": 87,
          "column": 2
        },
        "end": {
          "line": 87,
          "column": 24
        }
      }
    },
    "fnMap": {
      "0": {
        "name": "(anonymous_0)",
        "decl": {
          "start": {
            "line": 7,
            "column": 42
          },
          "end": {
            "line": 7,
            "column": 43
          }
        },
        "loc": {
          "start": {
            "line": 7,
            "column": 48
          },
          "end": {
            "line": 88,
            "column": 1
          }
        },
        "line": 7
      },
      "1": {
        "name": "(anonymous_1)",
        "decl": {
          "start": {
            "line": 9,
            "column": 4
          },
          "end": {
            "line": 9,
            "column": 5
          }
        },
        "loc": {
          "start": {
            "line": 9,
            "column": 28
          },
          "end": {
            "line": 12,
            "column": 5
          }
        },
        "line": 9
      },
      "2": {
        "name": "(anonymous_2)",
        "decl": {
          "start": {
            "line": 15,
            "column": 4
          },
          "end": {
            "line": 15,
            "column": 5
          }
        },
        "loc": {
          "start": {
            "line": 15,
            "column": 25
          },
          "end": {
            "line": 31,
            "column": 5
          }
        },
        "line": 15
      },
      "3": {
        "name": "(anonymous_3)",
        "decl": {
          "start": {
            "line": 33,
            "column": 4
          },
          "end": {
            "line": 33,
            "column": 5
          }
        },
        "loc": {
          "start": {
            "line": 33,
            "column": 23
          },
          "end": {
            "line": 35,
            "column": 5
          }
        },
        "line": 33
      },
      "4": {
        "name": "(anonymous_4)",
        "decl": {
          "start": {
            "line": 38,
            "column": 4
          },
          "end": {
            "line": 38,
            "column": 5
          }
        },
        "loc": {
          "start": {
            "line": 38,
            "column": 38
          },
          "end": {
            "line": 62,
            "column": 5
          }
        },
        "line": 38
      },
      "5": {
        "name": "(anonymous_5)",
        "decl": {
          "start": {
            "line": 43,
            "column": 51
          },
          "end": {
            "line": 43,
            "column": 52
          }
        },
        "loc": {
          "start": {
            "line": 43,
            "column": 62
          },
          "end": {
            "line": 43,
            "column": 133
          }
        },
        "line": 43
      },
      "6": {
        "name": "(anonymous_6)",
        "decl": {
          "start": {
            "line": 49,
            "column": 51
          },
          "end": {
            "line": 49,
            "column": 52
          }
        },
        "loc": {
          "start": {
            "line": 49,
            "column": 62
          },
          "end": {
            "line": 49,
            "column": 119
          }
        },
        "line": 49
      },
      "7": {
        "name": "(anonymous_7)",
        "decl": {
          "start": {
            "line": 58,
            "column": 51
          },
          "end": {
            "line": 58,
            "column": 52
          }
        },
        "loc": {
          "start": {
            "line": 58,
            "column": 62
          },
          "end": {
            "line": 58,
            "column": 111
          }
        },
        "line": 58
      },
      "8": {
        "name": "(anonymous_8)",
        "decl": {
          "start": {
            "line": 64,
            "column": 4
          },
          "end": {
            "line": 64,
            "column": 5
          }
        },
        "loc": {
          "start": {
            "line": 64,
            "column": 27
          },
          "end": {
            "line": 67,
            "column": 5
          }
        },
        "line": 64
      },
      "9": {
        "name": "(anonymous_9)",
        "decl": {
          "start": {
            "line": 66,
            "column": 72
          },
          "end": {
            "line": 66,
            "column": 73
          }
        },
        "loc": {
          "start": {
            "line": 66,
            "column": 79
          },
          "end": {
            "line": 66,
            "column": 85
          }
        },
        "line": 66
      },
      "10": {
        "name": "(anonymous_10)",
        "decl": {
          "start": {
            "line": 69,
            "column": 4
          },
          "end": {
            "line": 69,
            "column": 5
          }
        },
        "loc": {
          "start": {
            "line": 69,
            "column": 22
          },
          "end": {
            "line": 71,
            "column": 5
          }
        },
        "line": 69
      },
      "11": {
        "name": "(anonymous_11)",
        "decl": {
          "start": {
            "line": 73,
            "column": 4
          },
          "end": {
            "line": 73,
            "column": 5
          }
        },
        "loc": {
          "start": {
            "line": 73,
            "column": 27
          },
          "end": {
            "line": 75,
            "column": 5
          }
        },
        "line": 73
      },
      "12": {
        "name": "(anonymous_12)",
        "decl": {
          "start": {
            "line": 74,
            "column": 68
          },
          "end": {
            "line": 74,
            "column": 69
          }
        },
        "loc": {
          "start": {
            "line": 74,
            "column": 75
          },
          "end": {
            "line": 74,
            "column": 81
          }
        },
        "line": 74
      },
      "13": {
        "name": "ProductService_Factory",
        "decl": {
          "start": {
            "line": 79,
            "column": 33
          },
          "end": {
            "line": 79,
            "column": 55
          }
        },
        "loc": {
          "start": {
            "line": 79,
            "column": 59
          },
          "end": {
            "line": 81,
            "column": 3
          }
        },
        "line": 79
      }
    },
    "branchMap": {
      "0": {
        "loc": {
          "start": {
            "line": 18,
            "column": 6
          },
          "end": {
            "line": 26,
            "column": 7
          }
        },
        "type": "if",
        "locations": [
          {
            "start": {
              "line": 18,
              "column": 6
            },
            "end": {
              "line": 26,
              "column": 7
            }
          },
          {
            "start": {
              "line": 18,
              "column": 6
            },
            "end": {
              "line": 26,
              "column": 7
            }
          }
        ],
        "line": 18
      },
      "1": {
        "loc": {
          "start": {
            "line": 19,
            "column": 8
          },
          "end": {
            "line": 21,
            "column": 9
          }
        },
        "type": "if",
        "locations": [
          {
            "start": {
              "line": 19,
              "column": 8
            },
            "end": {
              "line": 21,
              "column": 9
            }
          },
          {
            "start": {
              "line": 19,
              "column": 8
            },
            "end": {
              "line": 21,
              "column": 9
            }
          }
        ],
        "line": 19
      },
      "2": {
        "loc": {
          "start": {
            "line": 23,
            "column": 8
          },
          "end": {
            "line": 25,
            "column": 9
          }
        },
        "type": "if",
        "locations": [
          {
            "start": {
              "line": 23,
              "column": 8
            },
            "end": {
              "line": 25,
              "column": 9
            }
          },
          {
            "start": {
              "line": 23,
              "column": 8
            },
            "end": {
              "line": 25,
              "column": 9
            }
          }
        ],
        "line": 23
      },
      "3": {
        "loc": {
          "start": {
            "line": 41,
            "column": 6
          },
          "end": {
            "line": 44,
            "column": 7
          }
        },
        "type": "if",
        "locations": [
          {
            "start": {
              "line": 41,
              "column": 6
            },
            "end": {
              "line": 44,
              "column": 7
            }
          },
          {
            "start": {
              "line": 41,
              "column": 6
            },
            "end": {
              "line": 44,
              "column": 7
            }
          }
        ],
        "line": 41
      },
      "4": {
        "loc": {
          "start": {
            "line": 47,
            "column": 6
          },
          "end": {
            "line": 50,
            "column": 7
          }
        },
        "type": "if",
        "locations": [
          {
            "start": {
              "line": 47,
              "column": 6
            },
            "end": {
              "line": 50,
              "column": 7
            }
          },
          {
            "start": {
              "line": 47,
              "column": 6
            },
            "end": {
              "line": 50,
              "column": 7
            }
          }
        ],
        "line": 47
      },
      "5": {
        "loc": {
          "start": {
            "line": 52,
            "column": 6
          },
          "end": {
            "line": 54,
            "column": 7
          }
        },
        "type": "if",
        "locations": [
          {
            "start": {
              "line": 52,
              "column": 6
            },
            "end": {
              "line": 54,
              "column": 7
            }
          },
          {
            "start": {
              "line": 52,
              "column": 6
            },
            "end": {
              "line": 54,
              "column": 7
            }
          }
        ],
        "line": 52
      },
      "6": {
        "loc": {
          "start": {
            "line": 57,
            "column": 6
          },
          "end": {
            "line": 59,
            "column": 7
          }
        },
        "type": "if",
        "locations": [
          {
            "start": {
              "line": 57,
              "column": 6
            },
            "end": {
              "line": 59,
              "column": 7
            }
          },
          {
            "start": {
              "line": 57,
              "column": 6
            },
            "end": {
              "line": 59,
              "column": 7
            }
          }
        ],
        "line": 57
      },
      "7": {
        "loc": {
          "start": {
            "line": 80,
            "column": 16
          },
          "end": {
            "line": 80,
            "column": 35
          }
        },
        "type": "binary-expr",
        "locations": [
          {
            "start": {
              "line": 80,
              "column": 16
            },
            "end": {
              "line": 80,
              "column": 17
            }
          },
          {
            "start": {
              "line": 80,
              "column": 21
            },
            "end": {
              "line": 80,
              "column": 35
            }
          }
        ],
        "line": 80
      }
    },
    "s": {
      "0": 91,
      "1": 91,
      "2": 91,
      "3": 139,
      "4": 139,
      "5": 48,
      "6": 2,
      "7": 48,
      "8": 2,
      "9": 139,
      "10": 27,
      "11": 1652,
      "12": 1652,
      "13": 201,
      "14": 201,
      "15": 3003,
      "16": 1652,
      "17": 38,
      "18": 38,
      "19": 570,
      "20": 1652,
      "21": 0,
      "22": 1652,
      "23": 1365,
      "24": 19980,
      "25": 1652,
      "26": 2,
      "27": 2,
      "28": 1,
      "29": 2,
      "30": 2,
      "31": 91,
      "32": 91,
      "33": 91,
      "34": 91
    },
    "f": {
      "0": 91,
      "1": 91,
      "2": 139,
      "3": 27,
      "4": 1652,
      "5": 3003,
      "6": 570,
      "7": 19980,
      "8": 2,
      "9": 2,
      "10": 1,
      "11": 2,
      "12": 2,
      "13": 91
    },
    "b": {
      "0": [
        48,
        91
      ],
      "1": [
        2,
        46
      ],
      "2": [
        2,
        46
      ],
      "3": [
        201,
        1451
      ],
      "4": [
        38,
        1614
      ],
      "5": [
        0,
        1652
      ],
      "6": [
        1365,
        287
      ],
      "7": [
        91,
        91
      ]
    },
    "inputSourceMap": {
      "version": 3,
      "mappings": "AAAA;AACA,SAAqBA,UAArB,QAAuC,sBAAvC;AAGA,SAASC,WAAT,QAA4B,gCAA5B;AAEA,SAASC,GAAT,QAAoB,gBAApB;;;AAGA,WAAaC,cAAb;AAAM,QAAOA,cAAP,CAAqB;AAGzBC,gBAAoBC,UAApB,EAA0C;AAAtB;AAFX,wBAAqBJ,WAAW,CAACK,MAAZ,GAAqB,UAA1C;AAEqC,KAHrB,CAKzB;;;AACAC,eAAW,CAACC,OAAD,EAAyD;AAClE,UAAIC,UAAU,GAAe,IAAIT,UAAJ,EAA7B;;AACA,UAAIQ,OAAJ,EAAa;AACX,YAAIA,OAAO,CAACE,QAAZ,EAAsB;AACpBD,oBAAU,GAAGA,UAAU,CAACE,GAAX,CAAe,UAAf,EAA2BH,OAAO,CAACE,QAAnC,CAAb;AACD;;AACD,YAAIF,OAAO,CAACI,KAAZ,EAAmB;AACjBH,oBAAU,GAAGA,UAAU,CAACE,GAAX,CAAe,OAAf,EAAwBH,OAAO,CAACI,KAAhC,CAAb;AACD;AACF;;AACD,aAAO,KAAKP,UAAL,CAAgBQ,GAAhB,CAA+B,KAAKC,UAApC,EAAgD;AACrDC,cAAM,EAAEN;AAD6C,OAAhD,CAAP;AAGD;;AAEDO,kBAAc,CAACC,EAAD,EAAW;AACvB,aAAO,KAAKZ,UAAL,CAAgBQ,GAAhB,CAA6B,KAAKC,UAAL,GAAkB,GAAlB,GAAwBG,EAArD,CAAP;AACD,KAvBwB,CAyBzB;;;AACAC,kBAAc,CAACC,QAAD,EAAsBX,OAAtB,EAAoH;AAEhI,UAAIY,gBAAgB,GAAGD,QAAvB,CAFgI,CAIhI;;AACA,UAAIX,OAAO,CAACa,YAAZ,EAA0B;AACxBb,eAAO,CAACa,YAAR,GAAuBb,OAAO,CAACa,YAAR,CAAqBC,WAArB,EAAvB;AAEAF,wBAAgB,GAAGA,gBAAgB,CAACG,MAAjB,CAAwBC,OAAO,IAAIA,OAAO,CAACH,YAAR,CAAqBC,WAArB,GAAmCG,OAAnC,CAA2CjB,OAAO,CAACa,YAAnD,MAAqE,CAAC,CAAzG,CAAnB;AACD,OAT+H,CAWhI;;;AACA,UAAIb,OAAO,CAACkB,KAAZ,EAAmB;AACjBlB,eAAO,CAACkB,KAAR,GAAgBlB,OAAO,CAACkB,KAAR,CAAcJ,WAAd,EAAhB;AAEAF,wBAAgB,GAAGA,gBAAgB,CAACG,MAAjB,CAAwBC,OAAO,IAAIA,OAAO,CAACE,KAAR,CAAcJ,WAAd,GAA4BG,OAA5B,CAAoCjB,OAAO,CAACkB,KAA5C,MAAuD,CAAC,CAA3F,CAAnB;AACD;;AAED,UAAIlB,OAAO,CAACmB,KAAZ,EAAmB;AACjBP,wBAAgB,GAAGA,gBAAgB,CAACQ,KAAjB,CAAuB,CAAvB,EAA0BpB,OAAO,CAACmB,KAAlC,CAAnB;AACD,OApB+H,CAsBhI;;;AACA,UAAInB,OAAO,CAACE,QAAZ,EAAsB;AACpBU,wBAAgB,GAAGA,gBAAgB,CAACG,MAAjB,CAAwBC,OAAO,IAAIA,OAAO,CAACd,QAAR,CAAiBe,OAAjB,CAAyBjB,OAAO,CAACE,QAAjC,MAA+C,CAAC,CAAnF,CAAnB;AACD;;AAED,aAAOU,gBAAP;AACD;;AAEDS,cAAU,CAACC,UAAD,EAAoB;AAC5B;AACA,aAAO,KAAKzB,UAAL,CAAgB0B,IAAhB,CAAmC,KAAKjB,UAAxC,EAAoDgB,UAApD,EAAgEE,IAAhE,CAAqE9B,GAAG,CAAC+B,GAAG,IAAIA,GAAG,CAAChB,EAAZ,CAAxE,CAAP;AACD;;AAEDiB,iBAAa,CAACjB,EAAD,EAAW;AACtB,aAAO,KAAKZ,UAAL,CAAgB8B,MAAhB,CAAgC,KAAKrB,UAAL,GAAkB,GAAlB,GAAwBG,EAAxD,CAAP;AACD;;AAEDmB,iBAAa,CAACZ,OAAD,EAAiB;AAC5B,aAAO,KAAKnB,UAAL,CAAgBgC,GAAhB,CAAoC,KAAKvB,UAAzC,EAAqDU,OAArD,EAA8DQ,IAA9D,CAAmE9B,GAAG,CAAC+B,GAAG,IAAIA,GAAG,CAAChB,EAAZ,CAAtE,CAAP;AACD;;AAnEwB;;;qBAAdd,gBAAcmC;AAAA;;;WAAdnC;AAAcoC,aAAdpC,cAAc;;AAA3B,SAAaA,cAAb;AAAA",
      "names": [
        "HttpParams",
        "environment",
        "map",
        "ProductService",
        "constructor",
        "httpClient",
        "apiUrl",
        "getProducts",
        "filters",
        "httpParams",
        "category",
        "set",
        "store",
        "get",
        "productUrl",
        "params",
        "getProductById",
        "id",
        "filterProducts",
        "products",
        "filteredProducts",
        "product_name",
        "toLowerCase",
        "filter",
        "product",
        "indexOf",
        "brand",
        "limit",
        "slice",
        "addProduct",
        "newProduct",
        "post",
        "pipe",
        "res",
        "deleteProduct",
        "delete",
        "changeProduct",
        "put",
        "i0",
        "factory"
      ],
      "sources": [
        "/Users/mcphee/Downloads/iteration-3-worshipful-company-of-saddlers/client/src/app/products/product.service.ts"
      ],
      "sourcesContent": [
        "/* eslint-disable @typescript-eslint/naming-convention */\nimport { HttpClient, HttpParams } from '@angular/common/http';\nimport { Injectable } from '@angular/core';\nimport { Observable } from 'rxjs';\nimport { environment } from '../../environments/environment';\nimport { Product, ProductCategory } from './product';\nimport { map } from 'rxjs/operators';\n\n@Injectable()\nexport class ProductService {\n  readonly productUrl: string = environment.apiUrl + 'products';\n\n  constructor(private httpClient: HttpClient) {}\n\n  // lgtm[duplicate-code]\n  getProducts(filters?: { category?: ProductCategory; store?: string }): Observable<Product[]> {\n    let httpParams: HttpParams = new HttpParams();\n    if (filters) {\n      if (filters.category) {\n        httpParams = httpParams.set('category', filters.category);\n      }\n      if (filters.store) {\n        httpParams = httpParams.set('store', filters.store);\n      }\n    }\n    return this.httpClient.get<Product[]>(this.productUrl, {\n      params: httpParams,\n    });\n  }\n\n  getProductById(id: string): Observable<Product> {\n    return this.httpClient.get<Product>(this.productUrl + '/' + id);\n  }\n\n  // eslint-disable-next-line max-len\n  filterProducts(products: Product[], filters: { product_name?: string; brand?: string; limit?: number; category?: ProductCategory }): Product[] {\n\n    let filteredProducts = products;\n\n    // Filter by product_name\n    if (filters.product_name) {\n      filters.product_name = filters.product_name.toLowerCase();\n\n      filteredProducts = filteredProducts.filter(product => product.product_name.toLowerCase().indexOf(filters.product_name) !== -1);\n    }\n\n    // Filter by brand\n    if (filters.brand) {\n      filters.brand = filters.brand.toLowerCase();\n\n      filteredProducts = filteredProducts.filter(product => product.brand.toLowerCase().indexOf(filters.brand) !== -1);\n    }\n\n    if (filters.limit) {\n      filteredProducts = filteredProducts.slice(0, filters.limit);\n    }\n\n    // Filter by category\n    if (filters.category) {\n      filteredProducts = filteredProducts.filter(product => product.category.indexOf(filters.category) !== -1);\n    }\n\n    return filteredProducts;\n  }\n\n  addProduct(newProduct: Product): Observable<string> {\n    // Send post request to add a new user with the user data as the body.\n    return this.httpClient.post<{id: string}>(this.productUrl, newProduct).pipe(map(res => res.id));\n  }\n\n  deleteProduct(id: string): Observable<Product> {\n    return this.httpClient.delete<Product>(this.productUrl + '/' + id);\n  }\n\n  changeProduct(product: Product): Observable<string> {\n    return this.httpClient.put<{ id: string }>(this.productUrl, product).pipe(map(res => res.id));\n  }\n\n}\n"
      ]
    },
    "_coverageSchema": "1a1c01bbd47fc00a2c39e90264f33305004495a9",
    "hash": "036388462695b04dcf2b1574f9dd89ee7a2d3b44"
  },
  "/Users/mcphee/Downloads/iteration-3-worshipful-company-of-saddlers/client/src/app/products/product-list/product-list.component.ts": {
    "path": "/Users/mcphee/Downloads/iteration-3-worshipful-company-of-saddlers/client/src/app/products/product-list/product-list.component.ts",
    "statementMap": {
      "0": {
        "start": {
          "line": 22,
          "column": 12
        },
        "end": {
          "line": 22,
          "column": 25
        }
      },
      "1": {
        "start": {
          "line": 25,
          "column": 2
        },
        "end": {
          "line": 30,
          "column": 3
        }
      },
      "2": {
        "start": {
          "line": 26,
          "column": 4
        },
        "end": {
          "line": 26,
          "column": 43
        }
      },
      "3": {
        "start": {
          "line": 27,
          "column": 4
        },
        "end": {
          "line": 27,
          "column": 17
        }
      },
      "4": {
        "start": {
          "line": 28,
          "column": 4
        },
        "end": {
          "line": 28,
          "column": 30
        }
      },
      "5": {
        "start": {
          "line": 29,
          "column": 4
        },
        "end": {
          "line": 29,
          "column": 22
        }
      },
      "6": {
        "start": {
          "line": 32,
          "column": 2
        },
        "end": {
          "line": 37,
          "column": 3
        }
      },
      "7": {
        "start": {
          "line": 33,
          "column": 24
        },
        "end": {
          "line": 33,
          "column": 37
        }
      },
      "8": {
        "start": {
          "line": 34,
          "column": 4
        },
        "end": {
          "line": 34,
          "column": 40
        }
      },
      "9": {
        "start": {
          "line": 35,
          "column": 4
        },
        "end": {
          "line": 35,
          "column": 20
        }
      },
      "10": {
        "start": {
          "line": 36,
          "column": 4
        },
        "end": {
          "line": 36,
          "column": 60
        }
      },
      "11": {
        "start": {
          "line": 41,
          "column": 2
        },
        "end": {
          "line": 65,
          "column": 3
        }
      },
      "12": {
        "start": {
          "line": 42,
          "column": 17
        },
        "end": {
          "line": 42,
          "column": 38
        }
      },
      "13": {
        "start": {
          "line": 44,
          "column": 4
        },
        "end": {
          "line": 44,
          "column": 35
        }
      },
      "14": {
        "start": {
          "line": 45,
          "column": 4
        },
        "end": {
          "line": 45,
          "column": 36
        }
      },
      "15": {
        "start": {
          "line": 46,
          "column": 4
        },
        "end": {
          "line": 46,
          "column": 22
        }
      },
      "16": {
        "start": {
          "line": 47,
          "column": 4
        },
        "end": {
          "line": 47,
          "column": 45
        }
      },
      "17": {
        "start": {
          "line": 48,
          "column": 4
        },
        "end": {
          "line": 48,
          "column": 53
        }
      },
      "18": {
        "start": {
          "line": 49,
          "column": 4
        },
        "end": {
          "line": 49,
          "column": 30
        }
      },
      "19": {
        "start": {
          "line": 50,
          "column": 4
        },
        "end": {
          "line": 50,
          "column": 17
        }
      },
      "20": {
        "start": {
          "line": 51,
          "column": 4
        },
        "end": {
          "line": 51,
          "column": 22
        }
      },
      "21": {
        "start": {
          "line": 52,
          "column": 4
        },
        "end": {
          "line": 52,
          "column": 51
        }
      },
      "22": {
        "start": {
          "line": 53,
          "column": 4
        },
        "end": {
          "line": 53,
          "column": 24
        }
      },
      "23": {
        "start": {
          "line": 54,
          "column": 4
        },
        "end": {
          "line": 54,
          "column": 53
        }
      },
      "24": {
        "start": {
          "line": 55,
          "column": 4
        },
        "end": {
          "line": 59,
          "column": 7
        }
      },
      "25": {
        "start": {
          "line": 56,
          "column": 6
        },
        "end": {
          "line": 56,
          "column": 29
        }
      },
      "26": {
        "start": {
          "line": 57,
          "column": 22
        },
        "end": {
          "line": 57,
          "column": 41
        }
      },
      "27": {
        "start": {
          "line": 58,
          "column": 6
        },
        "end": {
          "line": 58,
          "column": 51
        }
      },
      "28": {
        "start": {
          "line": 60,
          "column": 4
        },
        "end": {
          "line": 60,
          "column": 28
        }
      },
      "29": {
        "start": {
          "line": 61,
          "column": 4
        },
        "end": {
          "line": 61,
          "column": 22
        }
      },
      "30": {
        "start": {
          "line": 62,
          "column": 4
        },
        "end": {
          "line": 62,
          "column": 40
        }
      },
      "31": {
        "start": {
          "line": 63,
          "column": 4
        },
        "end": {
          "line": 63,
          "column": 28
        }
      },
      "32": {
        "start": {
          "line": 64,
          "column": 4
        },
        "end": {
          "line": 64,
          "column": 24
        }
      },
      "33": {
        "start": {
          "line": 67,
          "column": 2
        },
        "end": {
          "line": 71,
          "column": 3
        }
      },
      "34": {
        "start": {
          "line": 68,
          "column": 20
        },
        "end": {
          "line": 68,
          "column": 39
        }
      },
      "35": {
        "start": {
          "line": 69,
          "column": 4
        },
        "end": {
          "line": 69,
          "column": 20
        }
      },
      "36": {
        "start": {
          "line": 70,
          "column": 4
        },
        "end": {
          "line": 70,
          "column": 43
        }
      },
      "37": {
        "start": {
          "line": 74,
          "column": 12
        },
        "end": {
          "line": 76,
          "column": 1
        }
      },
      "38": {
        "start": {
          "line": 75,
          "column": 2
        },
        "end": {
          "line": 75,
          "column": 27
        }
      },
      "39": {
        "start": {
          "line": 79,
          "column": 2
        },
        "end": {
          "line": 108,
          "column": 3
        }
      },
      "40": {
        "start": {
          "line": 80,
          "column": 17
        },
        "end": {
          "line": 80,
          "column": 38
        }
      },
      "41": {
        "start": {
          "line": 82,
          "column": 4
        },
        "end": {
          "line": 82,
          "column": 60
        }
      },
      "42": {
        "start": {
          "line": 83,
          "column": 4
        },
        "end": {
          "line": 83,
          "column": 17
        }
      },
      "43": {
        "start": {
          "line": 84,
          "column": 4
        },
        "end": {
          "line": 84,
          "column": 22
        }
      },
      "44": {
        "start": {
          "line": 85,
          "column": 4
        },
        "end": {
          "line": 85,
          "column": 34
        }
      },
      "45": {
        "start": {
          "line": 86,
          "column": 4
        },
        "end": {
          "line": 86,
          "column": 17
        }
      },
      "46": {
        "start": {
          "line": 87,
          "column": 4
        },
        "end": {
          "line": 87,
          "column": 22
        }
      },
      "47": {
        "start": {
          "line": 88,
          "column": 4
        },
        "end": {
          "line": 88,
          "column": 34
        }
      },
      "48": {
        "start": {
          "line": 89,
          "column": 4
        },
        "end": {
          "line": 89,
          "column": 17
        }
      },
      "49": {
        "start": {
          "line": 90,
          "column": 4
        },
        "end": {
          "line": 90,
          "column": 22
        }
      },
      "50": {
        "start": {
          "line": 91,
          "column": 4
        },
        "end": {
          "line": 91,
          "column": 34
        }
      },
      "51": {
        "start": {
          "line": 92,
          "column": 4
        },
        "end": {
          "line": 92,
          "column": 17
        }
      },
      "52": {
        "start": {
          "line": 93,
          "column": 4
        },
        "end": {
          "line": 93,
          "column": 22
        }
      },
      "53": {
        "start": {
          "line": 94,
          "column": 4
        },
        "end": {
          "line": 94,
          "column": 36
        }
      },
      "54": {
        "start": {
          "line": 95,
          "column": 4
        },
        "end": {
          "line": 95,
          "column": 22
        }
      },
      "55": {
        "start": {
          "line": 96,
          "column": 4
        },
        "end": {
          "line": 96,
          "column": 55
        }
      },
      "56": {
        "start": {
          "line": 97,
          "column": 4
        },
        "end": {
          "line": 102,
          "column": 7
        }
      },
      "57": {
        "start": {
          "line": 98,
          "column": 26
        },
        "end": {
          "line": 98,
          "column": 48
        }
      },
      "58": {
        "start": {
          "line": 99,
          "column": 25
        },
        "end": {
          "line": 99,
          "column": 46
        }
      },
      "59": {
        "start": {
          "line": 100,
          "column": 22
        },
        "end": {
          "line": 100,
          "column": 41
        }
      },
      "60": {
        "start": {
          "line": 101,
          "column": 6
        },
        "end": {
          "line": 101,
          "column": 79
        }
      },
      "61": {
        "start": {
          "line": 103,
          "column": 4
        },
        "end": {
          "line": 103,
          "column": 42
        }
      },
      "62": {
        "start": {
          "line": 104,
          "column": 4
        },
        "end": {
          "line": 104,
          "column": 27
        }
      },
      "63": {
        "start": {
          "line": 105,
          "column": 4
        },
        "end": {
          "line": 105,
          "column": 24
        }
      },
      "64": {
        "start": {
          "line": 106,
          "column": 4
        },
        "end": {
          "line": 106,
          "column": 152
        }
      },
      "65": {
        "start": {
          "line": 107,
          "column": 4
        },
        "end": {
          "line": 107,
          "column": 24
        }
      },
      "66": {
        "start": {
          "line": 110,
          "column": 2
        },
        "end": {
          "line": 122,
          "column": 3
        }
      },
      "67": {
        "start": {
          "line": 111,
          "column": 23
        },
        "end": {
          "line": 111,
          "column": 36
        }
      },
      "68": {
        "start": {
          "line": 112,
          "column": 4
        },
        "end": {
          "line": 112,
          "column": 20
        }
      },
      "69": {
        "start": {
          "line": 113,
          "column": 4
        },
        "end": {
          "line": 113,
          "column": 76
        }
      },
      "70": {
        "start": {
          "line": 114,
          "column": 4
        },
        "end": {
          "line": 114,
          "column": 20
        }
      },
      "71": {
        "start": {
          "line": 115,
          "column": 4
        },
        "end": {
          "line": 115,
          "column": 61
        }
      },
      "72": {
        "start": {
          "line": 116,
          "column": 4
        },
        "end": {
          "line": 116,
          "column": 20
        }
      },
      "73": {
        "start": {
          "line": 117,
          "column": 4
        },
        "end": {
          "line": 117,
          "column": 61
        }
      },
      "74": {
        "start": {
          "line": 118,
          "column": 4
        },
        "end": {
          "line": 118,
          "column": 20
        }
      },
      "75": {
        "start": {
          "line": 119,
          "column": 4
        },
        "end": {
          "line": 119,
          "column": 67
        }
      },
      "76": {
        "start": {
          "line": 120,
          "column": 4
        },
        "end": {
          "line": 120,
          "column": 20
        }
      },
      "77": {
        "start": {
          "line": 121,
          "column": 4
        },
        "end": {
          "line": 121,
          "column": 61
        }
      },
      "78": {
        "start": {
          "line": 126,
          "column": 2
        },
        "end": {
          "line": 130,
          "column": 3
        }
      },
      "79": {
        "start": {
          "line": 127,
          "column": 4
        },
        "end": {
          "line": 127,
          "column": 87
        }
      },
      "80": {
        "start": {
          "line": 128,
          "column": 4
        },
        "end": {
          "line": 128,
          "column": 96
        }
      },
      "81": {
        "start": {
          "line": 129,
          "column": 4
        },
        "end": {
          "line": 129,
          "column": 26
        }
      },
      "82": {
        "start": {
          "line": 132,
          "column": 2
        },
        "end": {
          "line": 136,
          "column": 3
        }
      },
      "83": {
        "start": {
          "line": 133,
          "column": 19
        },
        "end": {
          "line": 133,
          "column": 38
        }
      },
      "84": {
        "start": {
          "line": 134,
          "column": 4
        },
        "end": {
          "line": 134,
          "column": 20
        }
      },
      "85": {
        "start": {
          "line": 135,
          "column": 4
        },
        "end": {
          "line": 135,
          "column": 54
        }
      },
      "86": {
        "start": {
          "line": 140,
          "column": 2
        },
        "end": {
          "line": 164,
          "column": 3
        }
      },
      "87": {
        "start": {
          "line": 141,
          "column": 17
        },
        "end": {
          "line": 141,
          "column": 38
        }
      },
      "88": {
        "start": {
          "line": 143,
          "column": 4
        },
        "end": {
          "line": 143,
          "column": 35
        }
      },
      "89": {
        "start": {
          "line": 144,
          "column": 4
        },
        "end": {
          "line": 144,
          "column": 36
        }
      },
      "90": {
        "start": {
          "line": 145,
          "column": 4
        },
        "end": {
          "line": 145,
          "column": 22
        }
      },
      "91": {
        "start": {
          "line": 146,
          "column": 4
        },
        "end": {
          "line": 146,
          "column": 45
        }
      },
      "92": {
        "start": {
          "line": 147,
          "column": 4
        },
        "end": {
          "line": 147,
          "column": 53
        }
      },
      "93": {
        "start": {
          "line": 148,
          "column": 4
        },
        "end": {
          "line": 148,
          "column": 30
        }
      },
      "94": {
        "start": {
          "line": 149,
          "column": 4
        },
        "end": {
          "line": 149,
          "column": 17
        }
      },
      "95": {
        "start": {
          "line": 150,
          "column": 4
        },
        "end": {
          "line": 150,
          "column": 22
        }
      },
      "96": {
        "start": {
          "line": 151,
          "column": 4
        },
        "end": {
          "line": 151,
          "column": 51
        }
      },
      "97": {
        "start": {
          "line": 152,
          "column": 4
        },
        "end": {
          "line": 152,
          "column": 24
        }
      },
      "98": {
        "start": {
          "line": 153,
          "column": 4
        },
        "end": {
          "line": 153,
          "column": 53
        }
      },
      "99": {
        "start": {
          "line": 154,
          "column": 4
        },
        "end": {
          "line": 158,
          "column": 7
        }
      },
      "100": {
        "start": {
          "line": 155,
          "column": 6
        },
        "end": {
          "line": 155,
          "column": 29
        }
      },
      "101": {
        "start": {
          "line": 156,
          "column": 22
        },
        "end": {
          "line": 156,
          "column": 41
        }
      },
      "102": {
        "start": {
          "line": 157,
          "column": 6
        },
        "end": {
          "line": 157,
          "column": 51
        }
      },
      "103": {
        "start": {
          "line": 159,
          "column": 4
        },
        "end": {
          "line": 159,
          "column": 28
        }
      },
      "104": {
        "start": {
          "line": 160,
          "column": 4
        },
        "end": {
          "line": 160,
          "column": 22
        }
      },
      "105": {
        "start": {
          "line": 161,
          "column": 4
        },
        "end": {
          "line": 161,
          "column": 40
        }
      },
      "106": {
        "start": {
          "line": 162,
          "column": 4
        },
        "end": {
          "line": 162,
          "column": 28
        }
      },
      "107": {
        "start": {
          "line": 163,
          "column": 4
        },
        "end": {
          "line": 163,
          "column": 24
        }
      },
      "108": {
        "start": {
          "line": 166,
          "column": 2
        },
        "end": {
          "line": 170,
          "column": 3
        }
      },
      "109": {
        "start": {
          "line": 167,
          "column": 20
        },
        "end": {
          "line": 167,
          "column": 39
        }
      },
      "110": {
        "start": {
          "line": 168,
          "column": 4
        },
        "end": {
          "line": 168,
          "column": 20
        }
      },
      "111": {
        "start": {
          "line": 169,
          "column": 4
        },
        "end": {
          "line": 169,
          "column": 43
        }
      },
      "112": {
        "start": {
          "line": 174,
          "column": 2
        },
        "end": {
          "line": 207,
          "column": 3
        }
      },
      "113": {
        "start": {
          "line": 175,
          "column": 17
        },
        "end": {
          "line": 175,
          "column": 38
        }
      },
      "114": {
        "start": {
          "line": 177,
          "column": 4
        },
        "end": {
          "line": 177,
          "column": 60
        }
      },
      "115": {
        "start": {
          "line": 178,
          "column": 4
        },
        "end": {
          "line": 178,
          "column": 17
        }
      },
      "116": {
        "start": {
          "line": 179,
          "column": 4
        },
        "end": {
          "line": 179,
          "column": 30
        }
      },
      "117": {
        "start": {
          "line": 180,
          "column": 4
        },
        "end": {
          "line": 180,
          "column": 22
        }
      },
      "118": {
        "start": {
          "line": 181,
          "column": 4
        },
        "end": {
          "line": 181,
          "column": 34
        }
      },
      "119": {
        "start": {
          "line": 182,
          "column": 4
        },
        "end": {
          "line": 182,
          "column": 17
        }
      },
      "120": {
        "start": {
          "line": 183,
          "column": 4
        },
        "end": {
          "line": 183,
          "column": 30
        }
      },
      "121": {
        "start": {
          "line": 184,
          "column": 4
        },
        "end": {
          "line": 184,
          "column": 22
        }
      },
      "122": {
        "start": {
          "line": 185,
          "column": 4
        },
        "end": {
          "line": 185,
          "column": 34
        }
      },
      "123": {
        "start": {
          "line": 186,
          "column": 4
        },
        "end": {
          "line": 186,
          "column": 17
        }
      },
      "124": {
        "start": {
          "line": 187,
          "column": 4
        },
        "end": {
          "line": 187,
          "column": 31
        }
      },
      "125": {
        "start": {
          "line": 188,
          "column": 4
        },
        "end": {
          "line": 188,
          "column": 22
        }
      },
      "126": {
        "start": {
          "line": 189,
          "column": 4
        },
        "end": {
          "line": 189,
          "column": 35
        }
      },
      "127": {
        "start": {
          "line": 190,
          "column": 4
        },
        "end": {
          "line": 190,
          "column": 18
        }
      },
      "128": {
        "start": {
          "line": 191,
          "column": 4
        },
        "end": {
          "line": 191,
          "column": 31
        }
      },
      "129": {
        "start": {
          "line": 192,
          "column": 4
        },
        "end": {
          "line": 192,
          "column": 22
        }
      },
      "130": {
        "start": {
          "line": 193,
          "column": 4
        },
        "end": {
          "line": 193,
          "column": 36
        }
      },
      "131": {
        "start": {
          "line": 194,
          "column": 4
        },
        "end": {
          "line": 194,
          "column": 22
        }
      },
      "132": {
        "start": {
          "line": 195,
          "column": 4
        },
        "end": {
          "line": 195,
          "column": 55
        }
      },
      "133": {
        "start": {
          "line": 196,
          "column": 4
        },
        "end": {
          "line": 201,
          "column": 7
        }
      },
      "134": {
        "start": {
          "line": 197,
          "column": 26
        },
        "end": {
          "line": 197,
          "column": 48
        }
      },
      "135": {
        "start": {
          "line": 198,
          "column": 26
        },
        "end": {
          "line": 198,
          "column": 47
        }
      },
      "136": {
        "start": {
          "line": 199,
          "column": 22
        },
        "end": {
          "line": 199,
          "column": 41
        }
      },
      "137": {
        "start": {
          "line": 200,
          "column": 6
        },
        "end": {
          "line": 200,
          "column": 81
        }
      },
      "138": {
        "start": {
          "line": 202,
          "column": 4
        },
        "end": {
          "line": 202,
          "column": 42
        }
      },
      "139": {
        "start": {
          "line": 203,
          "column": 4
        },
        "end": {
          "line": 203,
          "column": 27
        }
      },
      "140": {
        "start": {
          "line": 204,
          "column": 4
        },
        "end": {
          "line": 204,
          "column": 24
        }
      },
      "141": {
        "start": {
          "line": 205,
          "column": 4
        },
        "end": {
          "line": 205,
          "column": 163
        }
      },
      "142": {
        "start": {
          "line": 206,
          "column": 4
        },
        "end": {
          "line": 206,
          "column": 24
        }
      },
      "143": {
        "start": {
          "line": 209,
          "column": 2
        },
        "end": {
          "line": 221,
          "column": 3
        }
      },
      "144": {
        "start": {
          "line": 210,
          "column": 24
        },
        "end": {
          "line": 210,
          "column": 37
        }
      },
      "145": {
        "start": {
          "line": 211,
          "column": 4
        },
        "end": {
          "line": 211,
          "column": 20
        }
      },
      "146": {
        "start": {
          "line": 212,
          "column": 4
        },
        "end": {
          "line": 212,
          "column": 78
        }
      },
      "147": {
        "start": {
          "line": 213,
          "column": 4
        },
        "end": {
          "line": 213,
          "column": 20
        }
      },
      "148": {
        "start": {
          "line": 214,
          "column": 4
        },
        "end": {
          "line": 214,
          "column": 84
        }
      },
      "149": {
        "start": {
          "line": 215,
          "column": 4
        },
        "end": {
          "line": 215,
          "column": 20
        }
      },
      "150": {
        "start": {
          "line": 216,
          "column": 4
        },
        "end": {
          "line": 216,
          "column": 77
        }
      },
      "151": {
        "start": {
          "line": 217,
          "column": 4
        },
        "end": {
          "line": 217,
          "column": 20
        }
      },
      "152": {
        "start": {
          "line": 218,
          "column": 4
        },
        "end": {
          "line": 218,
          "column": 81
        }
      },
      "153": {
        "start": {
          "line": 219,
          "column": 4
        },
        "end": {
          "line": 219,
          "column": 20
        }
      },
      "154": {
        "start": {
          "line": 220,
          "column": 4
        },
        "end": {
          "line": 220,
          "column": 79
        }
      },
      "155": {
        "start": {
          "line": 225,
          "column": 2
        },
        "end": {
          "line": 235,
          "column": 3
        }
      },
      "156": {
        "start": {
          "line": 226,
          "column": 4
        },
        "end": {
          "line": 226,
          "column": 107
        }
      },
      "157": {
        "start": {
          "line": 227,
          "column": 4
        },
        "end": {
          "line": 227,
          "column": 17
        }
      },
      "158": {
        "start": {
          "line": 228,
          "column": 4
        },
        "end": {
          "line": 228,
          "column": 30
        }
      },
      "159": {
        "start": {
          "line": 229,
          "column": 4
        },
        "end": {
          "line": 229,
          "column": 22
        }
      },
      "160": {
        "start": {
          "line": 230,
          "column": 4
        },
        "end": {
          "line": 230,
          "column": 45
        }
      },
      "161": {
        "start": {
          "line": 231,
          "column": 4
        },
        "end": {
          "line": 231,
          "column": 22
        }
      },
      "162": {
        "start": {
          "line": 232,
          "column": 4
        },
        "end": {
          "line": 232,
          "column": 45
        }
      },
      "163": {
        "start": {
          "line": 233,
          "column": 4
        },
        "end": {
          "line": 233,
          "column": 108
        }
      },
      "164": {
        "start": {
          "line": 234,
          "column": 4
        },
        "end": {
          "line": 234,
          "column": 24
        }
      },
      "165": {
        "start": {
          "line": 237,
          "column": 2
        },
        "end": {
          "line": 247,
          "column": 3
        }
      },
      "166": {
        "start": {
          "line": 238,
          "column": 32
        },
        "end": {
          "line": 238,
          "column": 45
        }
      },
      "167": {
        "start": {
          "line": 239,
          "column": 4
        },
        "end": {
          "line": 239,
          "column": 20
        }
      },
      "168": {
        "start": {
          "line": 240,
          "column": 4
        },
        "end": {
          "line": 240,
          "column": 101
        }
      },
      "169": {
        "start": {
          "line": 241,
          "column": 4
        },
        "end": {
          "line": 241,
          "column": 20
        }
      },
      "170": {
        "start": {
          "line": 242,
          "column": 4
        },
        "end": {
          "line": 242,
          "column": 124
        }
      },
      "171": {
        "start": {
          "line": 243,
          "column": 4
        },
        "end": {
          "line": 243,
          "column": 20
        }
      },
      "172": {
        "start": {
          "line": 244,
          "column": 4
        },
        "end": {
          "line": 244,
          "column": 94
        }
      },
      "173": {
        "start": {
          "line": 245,
          "column": 4
        },
        "end": {
          "line": 245,
          "column": 20
        }
      },
      "174": {
        "start": {
          "line": 246,
          "column": 4
        },
        "end": {
          "line": 246,
          "column": 56
        }
      },
      "175": {
        "start": {
          "line": 251,
          "column": 2
        },
        "end": {
          "line": 260,
          "column": 3
        }
      },
      "176": {
        "start": {
          "line": 252,
          "column": 4
        },
        "end": {
          "line": 252,
          "column": 36
        }
      },
      "177": {
        "start": {
          "line": 253,
          "column": 4
        },
        "end": {
          "line": 253,
          "column": 92
        }
      },
      "178": {
        "start": {
          "line": 254,
          "column": 4
        },
        "end": {
          "line": 254,
          "column": 84
        }
      },
      "179": {
        "start": {
          "line": 255,
          "column": 4
        },
        "end": {
          "line": 255,
          "column": 114
        }
      },
      "180": {
        "start": {
          "line": 256,
          "column": 4
        },
        "end": {
          "line": 256,
          "column": 29
        }
      },
      "181": {
        "start": {
          "line": 257,
          "column": 4
        },
        "end": {
          "line": 257,
          "column": 24
        }
      },
      "182": {
        "start": {
          "line": 258,
          "column": 4
        },
        "end": {
          "line": 258,
          "column": 40
        }
      },
      "183": {
        "start": {
          "line": 259,
          "column": 4
        },
        "end": {
          "line": 259,
          "column": 24
        }
      },
      "184": {
        "start": {
          "line": 262,
          "column": 2
        },
        "end": {
          "line": 268,
          "column": 3
        }
      },
      "185": {
        "start": {
          "line": 263,
          "column": 19
        },
        "end": {
          "line": 263,
          "column": 37
        }
      },
      "186": {
        "start": {
          "line": 264,
          "column": 4
        },
        "end": {
          "line": 264,
          "column": 20
        }
      },
      "187": {
        "start": {
          "line": 265,
          "column": 4
        },
        "end": {
          "line": 265,
          "column": 48
        }
      },
      "188": {
        "start": {
          "line": 266,
          "column": 4
        },
        "end": {
          "line": 266,
          "column": 20
        }
      },
      "189": {
        "start": {
          "line": 267,
          "column": 4
        },
        "end": {
          "line": 267,
          "column": 75
        }
      },
      "190": {
        "start": {
          "line": 272,
          "column": 2
        },
        "end": {
          "line": 279,
          "column": 3
        }
      },
      "191": {
        "start": {
          "line": 273,
          "column": 4
        },
        "end": {
          "line": 273,
          "column": 52
        }
      },
      "192": {
        "start": {
          "line": 274,
          "column": 4
        },
        "end": {
          "line": 274,
          "column": 129
        }
      },
      "193": {
        "start": {
          "line": 275,
          "column": 4
        },
        "end": {
          "line": 275,
          "column": 22
        }
      },
      "194": {
        "start": {
          "line": 276,
          "column": 4
        },
        "end": {
          "line": 276,
          "column": 38
        }
      },
      "195": {
        "start": {
          "line": 277,
          "column": 4
        },
        "end": {
          "line": 277,
          "column": 55
        }
      },
      "196": {
        "start": {
          "line": 278,
          "column": 4
        },
        "end": {
          "line": 278,
          "column": 24
        }
      },
      "197": {
        "start": {
          "line": 282,
          "column": 47
        },
        "end": {
          "line": 560,
          "column": 4
        }
      },
      "198": {
        "start": {
          "line": 285,
          "column": 6
        },
        "end": {
          "line": 285,
          "column": 43
        }
      },
      "199": {
        "start": {
          "line": 286,
          "column": 6
        },
        "end": {
          "line": 286,
          "column": 31
        }
      },
      "200": {
        "start": {
          "line": 287,
          "column": 6
        },
        "end": {
          "line": 287,
          "column": 27
        }
      },
      "201": {
        "start": {
          "line": 288,
          "column": 6
        },
        "end": {
          "line": 288,
          "column": 245
        }
      },
      "202": {
        "start": {
          "line": 290,
          "column": 6
        },
        "end": {
          "line": 290,
          "column": 39
        }
      },
      "203": {
        "start": {
          "line": 291,
          "column": 6
        },
        "end": {
          "line": 291,
          "column": 35
        }
      },
      "204": {
        "start": {
          "line": 292,
          "column": 6
        },
        "end": {
          "line": 292,
          "column": 29
        }
      },
      "205": {
        "start": {
          "line": 293,
          "column": 6
        },
        "end": {
          "line": 293,
          "column": 33
        }
      },
      "206": {
        "start": {
          "line": 294,
          "column": 6
        },
        "end": {
          "line": 294,
          "column": 36
        }
      },
      "207": {
        "start": {
          "line": 295,
          "column": 6
        },
        "end": {
          "line": 295,
          "column": 32
        }
      },
      "208": {
        "start": {
          "line": 296,
          "column": 6
        },
        "end": {
          "line": 296,
          "column": 29
        }
      },
      "209": {
        "start": {
          "line": 297,
          "column": 6
        },
        "end": {
          "line": 297,
          "column": 30
        }
      },
      "210": {
        "start": {
          "line": 298,
          "column": 6
        },
        "end": {
          "line": 298,
          "column": 31
        }
      },
      "211": {
        "start": {
          "line": 299,
          "column": 6
        },
        "end": {
          "line": 299,
          "column": 30
        }
      },
      "212": {
        "start": {
          "line": 300,
          "column": 6
        },
        "end": {
          "line": 300,
          "column": 33
        }
      },
      "213": {
        "start": {
          "line": 301,
          "column": 6
        },
        "end": {
          "line": 301,
          "column": 29
        }
      },
      "214": {
        "start": {
          "line": 302,
          "column": 6
        },
        "end": {
          "line": 302,
          "column": 31
        }
      },
      "215": {
        "start": {
          "line": 303,
          "column": 6
        },
        "end": {
          "line": 303,
          "column": 35
        }
      },
      "216": {
        "start": {
          "line": 304,
          "column": 6
        },
        "end": {
          "line": 304,
          "column": 38
        }
      },
      "217": {
        "start": {
          "line": 305,
          "column": 6
        },
        "end": {
          "line": 305,
          "column": 39
        }
      },
      "218": {
        "start": {
          "line": 309,
          "column": 6
        },
        "end": {
          "line": 309,
          "column": 23
        }
      },
      "219": {
        "start": {
          "line": 310,
          "column": 6
        },
        "end": {
          "line": 310,
          "column": 28
        }
      },
      "220": {
        "start": {
          "line": 311,
          "column": 6
        },
        "end": {
          "line": 316,
          "column": 9
        }
      },
      "221": {
        "start": {
          "line": 317,
          "column": 6
        },
        "end": {
          "line": 322,
          "column": 9
        }
      },
      "222": {
        "start": {
          "line": 319,
          "column": 8
        },
        "end": {
          "line": 321,
          "column": 11
        }
      },
      "223": {
        "start": {
          "line": 326,
          "column": 6
        },
        "end": {
          "line": 326,
          "column": 29
        }
      },
      "224": {
        "start": {
          "line": 327,
          "column": 6
        },
        "end": {
          "line": 330,
          "column": 9
        }
      },
      "225": {
        "start": {
          "line": 328,
          "column": 8
        },
        "end": {
          "line": 328,
          "column": 44
        }
      },
      "226": {
        "start": {
          "line": 329,
          "column": 8
        },
        "end": {
          "line": 329,
          "column": 33
        }
      },
      "227": {
        "start": {
          "line": 334,
          "column": 6
        },
        "end": {
          "line": 339,
          "column": 9
        }
      },
      "228": {
        "start": {
          "line": 335,
          "column": 32
        },
        "end": {
          "line": 335,
          "column": 54
        }
      },
      "229": {
        "start": {
          "line": 336,
          "column": 8
        },
        "end": {
          "line": 338,
          "column": 11
        }
      },
      "230": {
        "start": {
          "line": 343,
          "column": 6
        },
        "end": {
          "line": 343,
          "column": 19
        }
      },
      "231": {
        "start": {
          "line": 344,
          "column": 6
        },
        "end": {
          "line": 353,
          "column": 9
        }
      },
      "232": {
        "start": {
          "line": 348,
          "column": 8
        },
        "end": {
          "line": 348,
          "column": 55
        }
      },
      "233": {
        "start": {
          "line": 349,
          "column": 8
        },
        "end": {
          "line": 349,
          "column": 37
        }
      },
      "234": {
        "start": {
          "line": 350,
          "column": 8
        },
        "end": {
          "line": 350,
          "column": 28
        }
      },
      "235": {
        "start": {
          "line": 352,
          "column": 8
        },
        "end": {
          "line": 352,
          "column": 25
        }
      },
      "236": {
        "start": {
          "line": 355,
          "column": 6
        },
        "end": {
          "line": 359,
          "column": 7
        }
      },
      "237": {
        "start": {
          "line": 356,
          "column": 8
        },
        "end": {
          "line": 356,
          "column": 34
        }
      },
      "238": {
        "start": {
          "line": 358,
          "column": 8
        },
        "end": {
          "line": 358,
          "column": 35
        }
      },
      "239": {
        "start": {
          "line": 365,
          "column": 6
        },
        "end": {
          "line": 369,
          "column": 7
        }
      },
      "240": {
        "start": {
          "line": 366,
          "column": 8
        },
        "end": {
          "line": 368,
          "column": 12
        }
      },
      "241": {
        "start": {
          "line": 371,
          "column": 6
        },
        "end": {
          "line": 371,
          "column": 40
        }
      },
      "242": {
        "start": {
          "line": 375,
          "column": 6
        },
        "end": {
          "line": 379,
          "column": 9
        }
      },
      "243": {
        "start": {
          "line": 381,
          "column": 6
        },
        "end": {
          "line": 385,
          "column": 7
        }
      },
      "244": {
        "start": {
          "line": 382,
          "column": 8
        },
        "end": {
          "line": 382,
          "column": 34
        }
      },
      "245": {
        "start": {
          "line": 384,
          "column": 8
        },
        "end": {
          "line": 384,
          "column": 35
        }
      },
      "246": {
        "start": {
          "line": 389,
          "column": 6
        },
        "end": {
          "line": 389,
          "column": 35
        }
      },
      "247": {
        "start": {
          "line": 390,
          "column": 6
        },
        "end": {
          "line": 390,
          "column": 35
        }
      },
      "248": {
        "start": {
          "line": 394,
          "column": 6
        },
        "end": {
          "line": 394,
          "column": 19
        }
      },
      "249": {
        "start": {
          "line": 395,
          "column": 6
        },
        "end": {
          "line": 395,
          "column": 29
        }
      },
      "250": {
        "start": {
          "line": 399,
          "column": 6
        },
        "end": {
          "line": 401,
          "column": 7
[...]
      "0": 182,
      "1": 91,
      "2": 91,
      "3": 91,
      "4": 8163,
      "5": 0,
      "6": 0,
      "7": 0,
      "8": 2,
      "9": 2,
      "10": 1
    },
    "b": {
      "0": [
        91,
        91
      ],
      "1": [
        91,
        8072
      ],
      "2": [
        8072,
        91
      ],
      "3": [
        1954,
        6118
      ],
      "4": [
        1954,
        6118
      ]
    },
    "inputSourceMap": {
      "version": 3,
      "mappings": ";;;;;;;;;;;;;AAOA,WAAaA,YAAb;AAAM,QAAOA,YAAP,CAAmB;AALzBC;AAME,mBAAQ,cAAR;AACD;;AAFwB;;;qBAAZD;AAAY;;;UAAZA;AAAYE;AAAAC;AAAAC;AAAAC;AAAAC;AAAA;;;ACPzBC,yDAAiD,CAAjD,EAAiD,aAAjD,EAAiD,CAAjD,EAAiD,CAAjD,EAAiD,CAAjD,EAAiD,aAAjD;AAEiBA;AAAUA;AACvBA,gDAAqD,CAArD,EAAqD,GAArD,EAAqD,CAArD,EAAqD,CAArD;AAM8CA;AAAAA;;AAAA;;AAAA,iBAASC,WAAT;AAAuB,SAAvB;AAC1CD;AAAsBA;AAAYA;AAClCA;AACFA;AAEAA;AAAmFA;AAAAA;;AAAA;;AAAA,iBAASC,WAAT;AAAuB,SAAvB;AACjFD;AAAsBA;AAAaA;AACnCA;AACFA;AAEAA;AAAuFA;AAAAA;;AAAA;;AAAA,iBAASC,WAAT;AAAuB,SAAvB;AACrFD;AAAsBA;AAAaA;AACnCA;AACFA;AAKJA,wDAA2C,EAA3C,EAA2C,aAA3C,EAA2C,EAA3C,EAA2C,EAA3C,EAA2C,GAA3C,EAA2C,EAA3C,EAA2C,CAA3C;AAKgDA;AAAAA;;AAAA;;AAAA,iBAASC,WAAT;AAAuB,SAAvB;AAC1CD;AACEA;AACAA;AAAsBA;AAAYA;AAItCA;AAAmFA;AAAAA;;AAAA;;AAAA,iBAASC,WAAT;AAAuB,SAAvB;AAEjFD;AACEA;AACAA;AAAsBA;AAAaA;AAKvCA;AAAuFA;AAAAA;;AAAA;;AAAA,iBAASC,WAAT;AAAuB,SAAvB;AAErFD;AACEA;AACAA;AAAmCA;AAAaA;AAItDA;AACEA;AACFA;;;;;;AAzDmDA;AAAAA;AAQ/CA;AAAAA;AAD6CA;AAwB7CA;AAAAA;AAD6CA;;;;;;ADxBrD,SAAaP,YAAb;AAAA",
      "names": [
        "AppComponent",
        "constructor",
        "selectors",
        "decls",
        "vars",
        "consts",
        "template",
        "i0",
        "_r0"
      ],
      "sources": [
        "/Users/mcphee/Downloads/iteration-3-worshipful-company-of-saddlers/client/src/app/app.component.ts",
        "/Users/mcphee/Downloads/iteration-3-worshipful-company-of-saddlers/client/src/app/app.component.html"
      ],
      "sourcesContent": [
        "import { Component } from '@angular/core';\n\n@Component({\n  selector: 'app-root',\n  templateUrl: './app.component.html',\n  styleUrls: ['./app.component.scss']\n})\nexport class AppComponent {\n  title = 'Handy Pantry';\n}\n",
        "<mat-sidenav-container class=\"sidenav-container\">\n  <mat-sidenav #drawer class=\"sidenav\" fixedInViewport [autoFocus]=\"false\">\n    <mat-toolbar>Navigation</mat-toolbar>\n    <mat-nav-list class=\"sidenav-list\" role=\"navigation\">\n\n      <!-- Side navigation links -->\n\n      <a mat-list-item routerLink=\"/\" routerLinkActive=\"drawer-list-item-active\"\n        #routerLinkActiveInstance=\"routerLinkActive\" [attr.tabindex]=\"routerLinkActiveInstance.isActive ? 0 : -1\"\n        [routerLinkActiveOptions]=\"{exact: true}\" (click)=\"drawer.close()\">\n        <mat-icon matListIcon>local_dining</mat-icon>\n        My Pantry\n      </a>\n\n      <a mat-list-item routerLink=\"/products\" routerLinkActive=\"drawer-list-item-active\" (click)=\"drawer.close()\">\n        <mat-icon matListIcon>local_parking</mat-icon>\n        Products\n      </a>\n\n      <a mat-list-item routerLink=\"/shoppingList\" routerLinkActive=\"drawer-list-item-active\" (click)=\"drawer.close()\">\n        <mat-icon matListIcon>shopping_list</mat-icon>\n        Shopping List\n      </a>\n\n    </mat-nav-list>\n  </mat-sidenav>\n\n  <mat-sidenav-content class=\"whole-toolbar\">\n    <mat-toolbar class=\"toolbar\">\n\n      <a mat-list-item routerLink=\"/\" routerLinkActive=\"drawer-list-item-active\"\n        #routerLinkActiveInstance=\"routerLinkActive\" [attr.tabindex]=\"routerLinkActiveInstance.isActive ? 0 : -1\"\n        [routerLinkActiveOptions]=\"{exact: true}\" (click)=\"drawer.close()\" class=\"toolbar-item\">\n        <span>\n          My Pantry\n          <mat-icon matListIcon>local_dining</mat-icon>\n        </span>\n      </a>\n\n      <a mat-list-item routerLink=\"/products\" routerLinkActive=\"drawer-list-item-active\" (click)=\"drawer.close()\"\n        class=\"toolbar-item\">\n        <span>\n          Products\n          <mat-icon matListIcon>local_parking</mat-icon>\n        </span>\n      </a>\n\n\n      <a mat-list-item routerLink=\"/shoppingList\" routerLinkActive=\"drawer-list-item-active\" (click)=\"drawer.close()\"\n        class=\"toolbar-item\">\n        <span>\n          Shopping List\n          <mat-icon matListIcon class=\"icon\">shopping_cart</mat-icon>\n        </span>\n      </a>\n    </mat-toolbar>\n    <div class=\"main-content mat-typography\">\n      <router-outlet></router-outlet>\n    </div>\n  </mat-sidenav-content>\n</mat-sidenav-container>\n"
      ]
    },
    "_coverageSchema": "1a1c01bbd47fc00a2c39e90264f33305004495a9",
    "hash": "83955984b52b8d6c62c5ee7e925b96e44831a997"
  },
  "/Users/mcphee/Downloads/iteration-3-worshipful-company-of-saddlers/client/src/app/app.module.ts": {
    "path": "/Users/mcphee/Downloads/iteration-3-worshipful-company-of-saddlers/client/src/app/app.module.ts",
    "statementMap": {
      "0": {
        "start": {
          "line": 36,
          "column": 25
        },
        "end": {
          "line": 36,
          "column": 336
        }
      },
      "1": {
        "start": {
          "line": 37,
          "column": 24
        },
        "end": {
          "line": 47,
          "column": 1
        }
      },
      "2": {
        "start": {
          "line": 48,
          "column": 36
        },
        "end": {
          "line": 67,
          "column": 4
        }
      },
      "3": {
        "start": {
          "line": 51,
          "column": 2
        },
        "end": {
          "line": 53,
          "column": 4
        }
      },
      "4": {
        "start": {
          "line": 52,
          "column": 4
        },
        "end": {
          "line": 52,
          "column": 34
        }
      },
      "5": {
        "start": {
          "line": 55,
          "column": 2
        },
        "end": {
          "line": 58,
          "column": 5
        }
      },
      "6": {
        "start": {
          "line": 59,
          "column": 2
        },
        "end": {
          "line": 65,
          "column": 5
        }
      },
      "7": {
        "start": {
          "line": 66,
          "column": 2
        },
        "end": {
          "line": 66,
          "column": 19
        }
      }
    },
    "fnMap": {
      "0": {
        "name": "(anonymous_0)",
        "decl": {
          "start": {
            "line": 48,
            "column": 37
          },
          "end": {
            "line": 48,
            "column": 38
          }
        },
        "loc": {
          "start": {
            "line": 48,
            "column": 43
          },
          "end": {
            "line": 67,
            "column": 1
          }
        },
        "line": 48
      },
      "1": {
        "name": "AppModule_Factory",
        "decl": {
          "start": {
            "line": 51,
            "column": 28
          },
          "end": {
            "line": 51,
            "column": 45
          }
        },
        "loc": {
          "start": {
            "line": 51,
            "column": 49
          },
          "end": {
            "line": 53,
            "column": 3
          }
        },
        "line": 51
      }
    },
    "branchMap": {
      "0": {
        "loc": {
          "start": {
            "line": 52,
            "column": 16
          },
          "end": {
            "line": 52,
            "column": 30
          }
        },
        "type": "binary-expr",
        "locations": [
          {
            "start": {
              "line": 52,
              "column": 16
            },
            "end": {
              "line": 52,
              "column": 17
            }
          },
          {
            "start": {
              "line": 52,
              "column": 21
            },
            "end": {
              "line": 52,
              "column": 30
            }
          }
        ],
        "line": 52
      }
    },
    "s": {
      "0": 91,
      "1": 91,
      "2": 91,
      "3": 91,
      "4": 91,
      "5": 91,
      "6": 91,
      "7": 91
    },
    "f": {
      "0": 91,
      "1": 91
    },
    "b": {
      "0": [
        91,
        91
      ]
    },
    "inputSourceMap": {
      "version": 3,
      "mappings": "AAAA,SAASA,aAAT,QAA8B,2BAA9B;AAGA,SAASC,gBAAT,QAAiC,sBAAjC;AACA,SAASC,YAAT,QAA6B,iBAA7B;AACA,SAASC,uBAAT,QAAwC,sCAAxC;AACA,SAASC,WAAT,EAAsBC,mBAAtB,QAAiD,gBAAjD;AACA,SAASC,gBAAT,QAAiC,sBAAjC;AAEA,SAASC,mBAAT,QAAoC,8BAApC;AACA,SAASC,eAAT,QAAgC,0BAAhC;AACA,SAASC,gBAAT,QAAiC,2BAAjC;AACA,SAASC,gBAAT,QAAiC,2BAAjC;AACA,SAASC,aAAT,QAA8B,wBAA9B;AACA,SAASC,aAAT,QAA8B,wBAA9B;AACA,SAASC,kBAAT,QAAmC,8BAAnC;AACA,SAASC,cAAT,QAA+B,yBAA/B;AACA,SAASC,aAAT,QAA8B,wBAA9B;AACA,SAASC,aAAT,QAA8B,wBAA9B;AACA,SAASC,kBAAT,QAAmC,6BAAnC;AACA,SAASC,gBAAT,QAAiC,2BAAjC;AACA,SAASC,eAAT,QAAgC,0BAAhC;AACA,SAASC,mBAAT,EAA8BC,eAA9B,EAA+CC,gBAA/C,QAAuE,wBAAvE;AACA,SAASC,gBAAT,QAAiC,2BAAjC;AACA,SAASC,cAAT,QAA+B,yBAA/B;AACA,SAASC,iBAAT,QAAkC,6BAAlC;AACA,SAASC,kBAAT,QAAmC,6BAAnC;AACA,SAASC,eAAT,QAAgC,0BAAhC;AAEA,SAASC,gBAAT,QAAiC,sBAAjC;AACA,SAASC,YAAT,QAA6B,qBAA7B;AAEA,SAASC,cAAT,QAA+B,4BAA/B;AAGA,SAASC,2BAAT,QAA4C,8DAA5C;AAEA,SAASC,aAAT,QAA8B,yBAA9B;AAGA,SAASC,yBAAT,QAA0C,gEAA1C;AACA,SAASC,mBAAT,QAAoC,wDAApC,EAEA;;AACA,SAASC,mBAAT,QAAmC,kCAAnC;;AAGA,MAAMC,gBAAgB,GAAU,CAC9BxB,aAD8B,EAE9BJ,eAF8B,EAG9BG,aAH8B,EAI9BF,gBAJ8B,EAK9BM,aAL8B,EAM9BC,aAN8B,EAO9BN,gBAP8B,EAQ9BI,cAR8B,EAS9BG,kBAT8B,EAU9BC,gBAV8B,EAW9BC,eAX8B,EAY9BE,eAZ8B,EAa9BR,kBAb8B,EAc9BU,gBAd8B,EAe9BC,cAf8B,EAgB9BC,iBAhB8B,EAiB9BC,kBAjB8B,EAkB9BC,eAlB8B,CAAhC;AAoBA,MAAMU,eAAe,GAAG;AACtBC,OAAK,EAAE;AACLC,aAAS,EAAE;AADN,GADe;AAItBC,SAAO,EAAE;AACPD,aAAS,EAAE,YADJ;AAEPE,kBAAc,EAAE,WAFT;AAGPC,gBAAY,EAAE,IAHP;AAIPC,qBAAiB,EAAE;AAJZ;AAJa,CAAxB;AAsDA,WAAaC,SAAb;AAAM,QAAOA,SAAP,CAAgB;;;qBAATA;AAAS;;;UAATA;AAASC,gBAFR3C,YAEQ;;;eAfT,CACT4B,cADS,EAETE,aAFS,EAGTE,mBAHS,EAITH,2BAJS,EAKTE,yBALS,EAMT1B,mBANS,EAOT;AAAEuC,aAAO,EAAExB,gBAAX;AAA6ByB,cAAQ,EAAEV;AAAvC,KAPS;AAQVW,cAtBQ,CACPhD,aADO,EAEPC,gBAFO,EAGPE,uBAHO,EAIPC,WAJO,EAKPC,mBALO,EAMPC,gBANO,EAOPsB,gBAPO,EAQPQ,gBARO,EASPP,YATO,EAUPtB,mBAVO,EAWPa,mBAXO,EAYPe,mBAZO,CAsBR,EAEC5B,mBAFD,EAGCa,mBAHD;;AAOH,SAAawB,SAAb;AAAA",
      "names": [
        "BrowserModule",
        "AppRoutingModule",
        "AppComponent",
        "BrowserAnimationsModule",
        "FormsModule",
        "ReactiveFormsModule",
        "FlexLayoutModule",
        "MatDatepickerModule",
        "MatButtonModule",
        "MatToolbarModule",
        "MatSidenavModule",
        "MatIconModule",
        "MatListModule",
        "MatFormFieldModule",
        "MatInputModule",
        "MatCardModule",
        "MatMenuModule",
        "MatExpansionModule",
        "MatTooltipModule",
        "MatSelectModule",
        "MatNativeDateModule",
        "MatOptionModule",
        "MAT_DATE_FORMATS",
        "MatDividerModule",
        "MatRadioModule",
        "MatSnackBarModule",
        "MatPaginatorModule",
        "MatDialogModule",
        "HttpClientModule",
        "LayoutModule",
        "ProductService",
        "PantryProductsListComponent",
        "PantryService",
        "ShoppingListListComponent",
        "ShoppingListService",
        "MatMomentDateModule",
        "MATERIAL_MODULES",
        "MY_DATE_FORMATS",
        "parse",
        "dateInput",
        "display",
        "monthYearLabel",
        "dateA11Label",
        "monthYearA11Label",
        "AppModule",
        "bootstrap",
        "provide",
        "useValue",
        "imports"
      ],
      "sources": [
        "/Users/mcphee/Downloads/iteration-3-worshipful-company-of-saddlers/client/src/app/app.module.ts"
      ],
      "sourcesContent": [
        "import { BrowserModule } from '@angular/platform-browser';\nimport { NgModule } from '@angular/core';\n\nimport { AppRoutingModule } from './app-routing.module';\nimport { AppComponent } from './app.component';\nimport { BrowserAnimationsModule } from '@angular/platform-browser/animations';\nimport { FormsModule, ReactiveFormsModule } from '@angular/forms';\nimport { FlexLayoutModule } from '@angular/flex-layout';\n\nimport { MatDatepickerModule } from '@angular/material/datepicker';\nimport { MatButtonModule } from '@angular/material/button';\nimport { MatToolbarModule } from '@angular/material/toolbar';\nimport { MatSidenavModule } from '@angular/material/sidenav';\nimport { MatIconModule } from '@angular/material/icon';\nimport { MatListModule } from '@angular/material/list';\nimport { MatFormFieldModule } from '@angular/material/form-field';\nimport { MatInputModule } from '@angular/material/input';\nimport { MatCardModule } from '@angular/material/card';\nimport { MatMenuModule } from '@angular/material/menu';\nimport { MatExpansionModule } from '@angular/material/expansion';\nimport { MatTooltipModule } from '@angular/material/tooltip';\nimport { MatSelectModule } from '@angular/material/select';\nimport { MatNativeDateModule, MatOptionModule, MAT_DATE_FORMATS } from '@angular/material/core';\nimport { MatDividerModule } from '@angular/material/divider';\nimport { MatRadioModule } from '@angular/material/radio';\nimport { MatSnackBarModule } from '@angular/material/snack-bar';\nimport { MatPaginatorModule } from '@angular/material/paginator';\nimport { MatDialogModule } from '@angular/material/dialog';\n\nimport { HttpClientModule } from '@angular/common/http';\nimport { LayoutModule } from '@angular/cdk/layout';\nimport { ProductListComponent } from './products/product-list/product-list.component';\nimport { ProductService } from './products/product.service';\nimport { SingleProductPageComponent } from './products/single-product-page/single-product-page.component';\nimport { AddProductComponent } from './products/add-product/add-product.component';\nimport { PantryProductsListComponent } from './pantry/pantry-products-list/pantry-products-list.component';\nimport { ProductCardComponent } from './products/product-card/product-card.component';\nimport { PantryService } from './pantry/pantry.service';\nimport { AddPantryItemComponent } from './pantry/add-pantry-item/add-pantry-item.component';\nimport { AddProductToPantryComponent } from './products/add-product-to-pantry/add-product-to-pantry.component';\nimport { ShoppingListListComponent } from './shoppingList/shopping-list-list/shopping-list-list.component';\nimport { ShoppingListService } from './shoppingList/shopping-list-list/shoppingList.service';\n\n// import { MY_DATE_FORMATS } from './my-date-fomats';\nimport { MatMomentDateModule} from '@angular/material-moment-adapter';\nimport { AddToShoppingListComponent } from './shoppingList/add-to-shopping-list/add-to-shopping-list.component';\n\nconst MATERIAL_MODULES: any[] = [\n  MatListModule,\n  MatButtonModule,\n  MatIconModule,\n  MatToolbarModule,\n  MatCardModule,\n  MatMenuModule,\n  MatSidenavModule,\n  MatInputModule,\n  MatExpansionModule,\n  MatTooltipModule,\n  MatSelectModule,\n  MatOptionModule,\n  MatFormFieldModule,\n  MatDividerModule,\n  MatRadioModule,\n  MatSnackBarModule,\n  MatPaginatorModule,\n  MatDialogModule\n];\nconst MY_DATE_FORMATS = {\n  parse: {\n    dateInput: 'DD/MM/YYYY',\n  },\n  display: {\n    dateInput: 'DD/MM/YYYY',\n    monthYearLabel: 'MMMM YYYY',\n    dateA11Label: 'LL',\n    monthYearA11Label: 'MMMM YYYY'\n  },\n};\n\n@NgModule({\n  declarations: [\n    AppComponent,\n    ProductListComponent,\n    SingleProductPageComponent,\n    AddProductComponent,\n    PantryProductsListComponent,\n    ShoppingListListComponent,\n    ProductCardComponent,\n    AddPantryItemComponent,\n    AddProductToPantryComponent,\n    AddToShoppingListComponent,\n  ],\n  imports: [\n    BrowserModule,\n    AppRoutingModule,\n    BrowserAnimationsModule,\n    FormsModule,\n    ReactiveFormsModule,\n    FlexLayoutModule,\n    HttpClientModule,\n    MATERIAL_MODULES,\n    LayoutModule,\n    MatDatepickerModule,\n    MatNativeDateModule,\n    MatMomentDateModule,\n  ],\n  providers: [\n    ProductService,\n    PantryService,\n    ShoppingListService,\n    PantryProductsListComponent,\n    ShoppingListListComponent,\n    MatDatepickerModule,\n    { provide: MAT_DATE_FORMATS, useValue: MY_DATE_FORMATS}\n  ],\n  exports: [\n    MatDatepickerModule,\n    MatNativeDateModule,\n  ],\n  bootstrap: [AppComponent]\n})\nexport class AppModule { }\n"
      ]
    },
    "_coverageSchema": "1a1c01bbd47fc00a2c39e90264f33305004495a9",
    "hash": "0670fe97fad7c0d9f1db336d748700ca723fc5b8"
  },
  "/Users/mcphee/Downloads/iteration-3-worshipful-company-of-saddlers/client/src/main.ts": {
    "path": "/Users/mcphee/Downloads/iteration-3-worshipful-company-of-saddlers/client/src/main.ts",
    "statementMap": {
      "0": {
        "start": {
          "line": 6,
          "column": 0
        },
        "end": {
          "line": 8,
          "column": 1
        }
      },
      "1": {
        "start": {
          "line": 7,
          "column": 2
        },
        "end": {
          "line": 7,
          "column": 19
        }
      },
      "2": {
        "start": {
          "line": 10,
          "column": 0
        },
        "end": {
          "line": 10,
          "column": 98
        }
      },
      "3": {
        "start": {
          "line": 10,
          "column": 78
        },
        "end": {
          "line": 10,
          "column": 96
        }
      }
    },
    "fnMap": {
      "0": {
        "name": "(anonymous_0)",
        "decl": {
          "start": {
            "line": 10,
            "column": 71
          },
          "end": {
            "line": 10,
            "column": 72
          }
        },
        "loc": {
          "start": {
            "line": 10,
            "column": 78
          },
          "end": {
            "line": 10,
            "column": 96
          }
        },
        "line": 10
      }
    },
    "branchMap": {
      "0": {
        "loc": {
          "start": {
            "line": 6,
            "column": 0
          },
          "end": {
            "line": 8,
            "column": 1
          }
        },
        "type": "if",
        "locations": [
          {
            "start": {
              "line": 6,
              "column": 0
            },
            "end": {
              "line": 8,
              "column": 1
            }
          },
          {
            "start": {
              "line": 6,
              "column": 0
            },
            "end": {
              "line": 8,
              "column": 1
            }
          }
        ],
        "line": 6
      }
    },
    "s": {
      "0": 91,
      "1": 0,
      "2": 91,
      "3": 0
    },
    "f": {
      "0": 0
    },
    "b": {
      "0": [
        0,
        91
      ]
    },
    "inputSourceMap": {
      "version": 3,
      "mappings": ";AAAA,SAASA,cAAT,QAA+B,eAA/B;AAGA,SAASC,SAAT,QAA0B,kBAA1B;AACA,SAASC,WAAT,QAA4B,4BAA5B;;AAEA,IAAIA,WAAW,CAACC,UAAhB,EAA4B;AAC1BH,gBAAc;AACf;;AAEDI,sCAAyBC,eAAzB,CAAyCJ,SAAzC,EACGK,KADH,CACSC,GAAG,IAAIC,OAAO,CAACC,KAAR,CAAcF,GAAd,CADhB",
      "names": [
        "enableProdMode",
        "AppModule",
        "environment",
        "production",
        "__NgCli_bootstrap_1",
        "bootstrapModule",
        "catch",
        "err",
        "console",
        "error"
      ],
      "sources": [
        "/Users/mcphee/Downloads/iteration-3-worshipful-company-of-saddlers/client/src/main.ts"
      ],
      "sourcesContent": [
        "import { enableProdMode } from '@angular/core';\nimport { platformBrowserDynamic } from '@angular/platform-browser-dynamic';\n\nimport { AppModule } from './app/app.module';\nimport { environment } from './environments/environment';\n\nif (environment.production) {\n  enableProdMode();\n}\n\nplatformBrowserDynamic().bootstrapModule(AppModule)\n  .catch(err => console.error(err));\n"
      ]
    },
    "_coverageSchema": "1a1c01bbd47fc00a2c39e90264f33305004495a9",
    "hash": "ad71bfe410b7042f9792645c044d07d7b5f90173"
  }
}